Arguments: 
  /Users/dread/.asdf/installs/nodejs/14.15.1/bin/node /Users/dread/.asdf/installs/nodejs/14.15.1/.npm/bin/yarn

PATH: 
  /Users/dread/.asdf/plugins/nodejs/shims:/Users/dread/.asdf/installs/nodejs/14.15.1/.npm/bin:/Users/dread/.asdf/installs/nodejs/14.15.1/bin:/Users/dread/.asdf/shims:/Users/dread/.asdf/bin:/usr/local/bin:/usr/bin:/bin:/usr/sbin:/sbin:/Users/dread/.config/yarn/global/node_modules/.bin:/Users/dread/Sync/Code:/opt/homebrew/Cellar:/opt/homebrew/lib:/opt/homebrew/bin:/Applications/Sublime Text.app/Contents/SharedSupport/bin:/opt/homebrew/sbin:/Users/dread/.cargo/bin

Yarn version: 
  1.22.10

Node version: 
  14.15.1

Platform: 
  darwin x64

Trace: 
  SyntaxError: /Users/dread/Apps/📈📉.ws/package.json: Unexpected token } in JSON at position 149
      at JSON.parse (<anonymous>)
      at /Users/dread/.asdf/installs/nodejs/14.15.1/.npm/lib/node_modules/yarn/lib/cli.js:1625:59
      at Generator.next (<anonymous>)
      at step (/Users/dread/.asdf/installs/nodejs/14.15.1/.npm/lib/node_modules/yarn/lib/cli.js:310:30)
      at /Users/dread/.asdf/installs/nodejs/14.15.1/.npm/lib/node_modules/yarn/lib/cli.js:321:13

npm manifest: 
  {
    "name": "📈📉.ws",
    "version": "0.1.0",
    "private": true,
    "scripts": {
      "start": "node src/index.js",
      "serve": "node src/index.js",
    },
    "dependencies": {
      "core-js": "^3.6.5"
    },
    "devDependencies": {
      "babel-eslint": "^10.1.0",
      "eslint": "^6.7.2",
      "eslint-plugin-import": "^2.20.2",
      "eslint-plugin-node": "^11.1.0",
      "eslint-plugin-promise": "^4.2.1",
      "eslint-plugin-standard": "^4.0.0"
    }
  }

yarn manifest: 
  No manifest

Lockfile: 
  No lockfile
